{"D:\\myJS\\test trenning\\arrayForTest.js": {"path":"D:\\myJS\\test trenning\\arrayForTest.js","statementMap":{"0":{"start":{"line":2,"column":0},"end":{"line":2,"column":39}},"1":{"start":{"line":3,"column":0},"end":{"line":3,"column":65}},"2":{"start":{"line":4,"column":0},"end":{"line":6,"column":1}},"3":{"start":{"line":5,"column":3},"end":{"line":5,"column":32}},"4":{"start":{"line":5,"column":27},"end":{"line":5,"column":30}},"5":{"start":{"line":12,"column":0},"end":{"line":18,"column":1}},"6":{"start":{"line":13,"column":3},"end":{"line":17,"column":10}},"7":{"start":{"line":14,"column":8},"end":{"line":14,"column":11}},"8":{"start":{"line":15,"column":8},"end":{"line":15,"column":21}},"9":{"start":{"line":16,"column":8},"end":{"line":16,"column":19}},"10":{"start":{"line":24,"column":3},"end":{"line":24,"column":11}},"11":{"start":{"line":25,"column":3},"end":{"line":25,"column":16}},"12":{"start":{"line":27,"column":3},"end":{"line":33,"column":4}},"13":{"start":{"line":28,"column":6},"end":{"line":31,"column":7}},"14":{"start":{"line":29,"column":9},"end":{"line":29,"column":17}},"15":{"start":{"line":30,"column":9},"end":{"line":30,"column":23}},"16":{"start":{"line":34,"column":3},"end":{"line":34,"column":19}},"17":{"start":{"line":38,"column":0},"end":{"line":38,"column":36}}},"fnMap":{"0":{"name":"(anonymous_0)","decl":{"start":{"line":4,"column":20},"end":{"line":4,"column":21}},"loc":{"start":{"line":4,"column":28},"end":{"line":6,"column":1}},"line":4},"1":{"name":"(anonymous_1)","decl":{"start":{"line":5,"column":18},"end":{"line":5,"column":19}},"loc":{"start":{"line":5,"column":27},"end":{"line":5,"column":30}},"line":5},"2":{"name":"(anonymous_2)","decl":{"start":{"line":12,"column":20},"end":{"line":12,"column":21}},"loc":{"start":{"line":12,"column":31},"end":{"line":18,"column":1}},"line":12},"3":{"name":"(anonymous_3)","decl":{"start":{"line":13,"column":23},"end":{"line":13,"column":24}},"loc":{"start":{"line":13,"column":39},"end":{"line":17,"column":5}},"line":13},"4":{"name":"topPropInObj","decl":{"start":{"line":22,"column":9},"end":{"line":22,"column":21}},"loc":{"start":{"line":22,"column":28},"end":{"line":36,"column":1}},"line":22}},"branchMap":{"0":{"loc":{"start":{"line":28,"column":6},"end":{"line":31,"column":7}},"type":"if","locations":[{"start":{"line":28,"column":6},"end":{"line":31,"column":7}},{"start":{},"end":{}}],"line":28}},"s":{"0":1,"1":1,"2":1,"3":1,"4":11,"5":1,"6":2,"7":10,"8":10,"9":10,"10":2,"11":2,"12":2,"13":8,"14":4,"15":4,"16":2,"17":1},"f":{"0":1,"1":11,"2":2,"3":10,"4":2},"b":{"0":[4,4]},"_coverageSchema":"1a1c01bbd47fc00a2c39e90264f33305004495a9","hash":"ea39499dda571b0018cff9b7e78317fb085058d7"}
}
